<?xml version="1.0" encoding="UTF-8"?>
<testsuite xmlns:xsi="http://www.w3.org/2001/XMLSchema-instance" xsi:schemaLocation="https://maven.apache.org/surefire/maven-surefire-plugin/xsd/surefire-test-report.xsd" name="controllers.LoginLogoutControllerTest" time="0.8" tests="1" errors="0" skipped="0" failures="1">
  <properties>
[...]
</properties>
  <testcase name="testLogingLogout" classname="controllers.LoginLogoutControllerTest" time="0.799">
    <failure type="java.lang.AssertionError">java.lang.AssertionError
	at controllers.LoginLogoutControllerTest.testLogingLogout(LoginLogoutControllerTest.java:43)
</failure>
    <system-out><![CDATA[00:27:00.072 [main] INFO  ninja.utils.NinjaModeHelper - Ninja is running in mode prod
00:27:00.080 [main] WARN  o.e.j.server.handler.ContextHandler - Empty contextPath
00:27:00.083 [main] INFO  ninja.standalone.NinjaJetty - Trying to start jetty v9.4.18.v20190429 on <all>:1000, 8443/ssl
00:27:00.083 [main] INFO  org.eclipse.jetty.server.Server - jetty-9.4.18.v20190429; built: 2019-04-29T20:42:08.989Z; git: e1bc35120a6617ee3df052294e433f3a25ce7097; jvm 1.8.0_241-b07
00:27:00.086 [main] INFO  ninja.servlet.NinjaServletListener - Using JSR-356 websocket container ServerContainer@51c316cb{STARTED}
00:27:00.087 [main] INFO  ninja.Bootstrap - Successfully configured Logback.
00:27:00.087 [main] INFO  ninja.Bootstrap - Enabling Ninja classic configuration
00:27:00.217 [main] INFO  ninja.utils.SwissKnife - Could not load file conf/messages_en.properties (not a bad thing necessarily, but I am returing null)
00:27:00.217 [main] INFO  ninja.i18n.MessagesImpl - Did not find conf/messages_en.properties but it was specified in application.conf. Using default language instead.
00:27:00.221 [main] INFO  n.template.TemplateEngineManagerImpl - -------------------------------------------------------------------
00:27:00.221 [main] INFO  n.template.TemplateEngineManagerImpl - Registered response template engines
00:27:00.221 [main] INFO  n.template.TemplateEngineManagerImpl - -------------------------------------------------------------------
00:27:00.221 [main] INFO  n.template.TemplateEngineManagerImpl - application/javascript  =>  ninja.template.TemplateEngineJsonP
00:27:00.221 [main] INFO  n.template.TemplateEngineManagerImpl - application/json        =>  ninja.template.TemplateEngineJson
00:27:00.221 [main] INFO  n.template.TemplateEngineManagerImpl - application/xml         =>  ninja.template.TemplateEngineXml
00:27:00.222 [main] INFO  n.template.TemplateEngineManagerImpl - text/html               =>  ninja.template.TemplateEngineFreemarker
00:27:00.222 [main] INFO  n.template.TemplateEngineManagerImpl - text/plain              =>  ninja.template.TemplateEngineText
00:27:00.222 [main] INFO  n.b.BodyParserEngineManagerImpl - -------------------------------------------------------------------------------------
00:27:00.222 [main] INFO  n.b.BodyParserEngineManagerImpl - Registered request bodyparser engines
00:27:00.223 [main] INFO  n.b.BodyParserEngineManagerImpl - -------------------------------------------------------------------------------------
00:27:00.223 [main] INFO  n.b.BodyParserEngineManagerImpl - application/json                   =>  ninja.bodyparser.BodyParserEngineJson
00:27:00.223 [main] INFO  n.b.BodyParserEngineManagerImpl - application/x-www-form-urlencoded  =>  ninja.bodyparser.BodyParserEnginePost
00:27:00.223 [main] INFO  n.b.BodyParserEngineManagerImpl - application/xml                    =>  ninja.bodyparser.BodyParserEngineXml
00:27:00.223 [main] INFO  n.b.BodyParserEngineManagerImpl - multipart/form-data                =>  ninja.bodyparser.BodyParserEngineMultipartPost
00:27:00.223 [main] INFO  ninja.Bootstrap - Ninja injector started in 134 ms.
00:27:00.229 [main] INFO  ninja.RouterImpl - ------------------------------------------------------------------------
00:27:00.229 [main] INFO  ninja.RouterImpl - Registered routes
00:27:00.231 [main] INFO  ninja.RouterImpl - ------------------------------------------------------------------------
00:27:00.231 [main] INFO  ninja.RouterImpl - GET  /setup                          =>  controllers.ApplicationController::setup
00:27:00.231 [main] INFO  ninja.RouterImpl - GET  /                               =>  controllers.ApplicationController::index
00:27:00.231 [main] INFO  ninja.RouterImpl - GET  /login                          =>  controllers.LoginLogoutController::login
00:27:00.231 [main] INFO  ninja.RouterImpl - POST /login                          =>  controllers.LoginLogoutController::loginPost
00:27:00.231 [main] INFO  ninja.RouterImpl - GET  /logout                         =>  controllers.LoginLogoutController::logout
00:27:00.231 [main] INFO  ninja.RouterImpl - POST /order                          =>  controllers.ApplicationController::getUserNameFromSession
00:27:00.231 [main] INFO  ninja.RouterImpl - GET  /assets/webjars/{fileName: .*}  =>  ninja.AssetsController::serveWebJars
00:27:00.232 [main] INFO  ninja.RouterImpl - GET  /assets/{fileName: .*}          =>  ninja.AssetsController::serveStatic
00:27:00.232 [main] INFO  ninja.RouterImpl - GET  /.*                             =>  controllers.ApplicationController::index
00:27:00.233 [main] INFO  ninja.NinjaDefault - 
 _______  .___ _______        ____.  _____   
 \      \ |   |\      \      |    | /  _  \  
 /   |   \|   |/   |   \     |    |/  /_\  \ 
/    |    \   /    |    \/\__|    /    |    \  http://www.ninjaframework.org
\____|__  /___\____|__  /\________\____|__  /  @ninjaframework
     web\/framework   \/                  \/   6.6.1

00:27:00.233 [main] INFO  ninja.lifecycle.LifecycleServiceImpl - Starting Ninja application...
00:27:00.233 [main] INFO  n.migrations.MigrationEngineProvider - Using ninja.migrations.flyway.MigrationEngineFlyway as default implementation for ninja.migrations.MigrationEngine
00:27:00.236 [main] WARN  org.flywaydb.core.Flyway - Direct configuration of the Flyway object has been deprecated and will be removed in Flyway 6.0. Use Flyway.configure() instead.
00:27:00.282 [main] INFO  o.f.c.i.database.DatabaseFactory - Database: jdbc:h2:./target/h2database_test (H2 1.4)
00:27:00.303 [main] INFO  o.f.core.internal.command.DbClean - Successfully cleaned schema "PUBLIC" (execution time 00:00.006s)
00:27:00.362 [main] INFO  o.f.core.internal.command.DbValidate - Successfully validated 2 migrations (execution time 00:00.014s)
00:27:00.364 [main] INFO  o.f.c.i.s.JdbcTableSchemaHistory - Creating Schema History table: "PUBLIC"."flyway_schema_history"
00:27:00.381 [main] INFO  o.f.core.internal.command.DbMigrate - Current version of schema "PUBLIC": << Empty Schema >>
00:27:00.381 [main] INFO  o.f.core.internal.command.DbMigrate - Migrating schema "PUBLIC" to version 1 - 
00:27:00.393 [main] INFO  o.f.core.internal.command.DbMigrate - Migrating schema "PUBLIC" to version 2 - 
00:27:00.397 [main] INFO  o.f.core.internal.command.DbMigrate - Successfully applied 2 migrations to schema "PUBLIC" (execution time 00:00.033s)
00:27:00.402 [main] WARN  o.hibernate.ejb.HibernatePersistence - HHH015016: Encountered a deprecated javax.persistence.spi.PersistenceProvider [org.hibernate.ejb.HibernatePersistence]; use [org.hibernate.jpa.HibernatePersistenceProvider] instead.
00:27:00.403 [main] WARN  o.hibernate.ejb.HibernatePersistence - HHH015016: Encountered a deprecated javax.persistence.spi.PersistenceProvider [org.hibernate.ejb.HibernatePersistence]; use [org.hibernate.jpa.HibernatePersistenceProvider] instead.
00:27:00.403 [main] WARN  o.hibernate.ejb.HibernatePersistence - HHH015016: Encountered a deprecated javax.persistence.spi.PersistenceProvider [org.hibernate.ejb.HibernatePersistence]; use [org.hibernate.jpa.HibernatePersistenceProvider] instead.
00:27:00.427 [main] INFO  o.h.jpa.internal.util.LogHelper - HHH000204: Processing PersistenceUnitInfo [
	name: h2_test
	...]
00:27:00.445 [main] INFO  o.h.e.j.c.i.ConnectionProviderInitiator - HHH000130: Instantiating explicit connection provider: org.hibernate.service.jdbc.connections.internal.C3P0ConnectionProvider
00:27:00.445 [main] INFO  o.h.c.i.C3P0ConnectionProvider - HHH010002: C3P0 using driver: org.h2.Driver at URL: jdbc:h2:./target/h2database_test
00:27:00.445 [main] INFO  o.h.c.i.C3P0ConnectionProvider - HHH000046: Connection properties: {user=ra, password=****}
00:27:00.445 [main] INFO  o.h.c.i.C3P0ConnectionProvider - HHH000006: Autocommit mode: false
00:27:00.588 [main] INFO  c.m.v.c.i.AbstractPoolBackedDataSource - Initializing c3p0 pool... com.mchange.v2.c3p0.PoolBackedDataSource@aba0a7f9 [ connectionPoolDataSource -> com.mchange.v2.c3p0.WrapperConnectionPoolDataSource@792cb14e [ acquireIncrement -> 1, acquireRetryAttempts -> 30, acquireRetryDelay -> 1000, autoCommitOnClose -> false, automaticTestTable -> null, breakAfterAcquireFailure -> false, checkoutTimeout -> 0, connectionCustomizerClassName -> null, connectionTesterClassName -> com.mchange.v2.c3p0.impl.DefaultConnectionTester, debugUnreturnedConnectionStackTraces -> false, factoryClassLocation -> null, forceIgnoreUnresolvedTransactions -> false, identityToken -> 1hgf08xaar4u88w12uoffn|8236c4f, idleConnectionTestPeriod -> 300, initialPoolSize -> 0, maxAdministrativeTaskTime -> 0, maxConnectionAge -> 0, maxIdleTime -> 100, maxIdleTimeExcessConnections -> 0, maxPoolSize -> 100, maxStatements -> 0, maxStatementsPerConnection -> 0, minPoolSize -> 0, nestedDataSource -> com.mchange.v2.c3p0.DriverManagerDataSource@5b205d80 [ description -> null, driverClass -> null, factoryClassLocation -> null, identityToken -> 1hgf08xaar4u88w12uoffn|7ae2d92, jdbcUrl -> jdbc:h2:./target/h2database_test, properties -> {user=******, password=******} ], preferredTestQuery -> null, propertyCycle -> 0, statementCacheNumDeferredCloseThreads -> 0, testConnectionOnCheckin -> false, testConnectionOnCheckout -> false, unreturnedConnectionTimeout -> 0, usesTraditionalReflectiveProxies -> false; userOverrides: {} ], dataSourceName -> null, factoryClassLocation -> null, identityToken -> 1hgf08xaar4u88w12uoffn|741a14e4, numHelperThreads -> 3 ]
00:27:00.668 [main] INFO  org.hibernate.dialect.Dialect - HHH000400: Using dialect: org.hibernate.dialect.H2Dialect
00:27:00.669 [main] INFO  o.h.e.j.internal.LobCreatorBuilder - HHH000424: Disabling contextual LOB creation as createClob() method threw error : java.lang.reflect.InvocationTargetException
00:27:00.677 [main] INFO  o.h.h.i.a.ASTQueryTranslatorFactory - HHH000397: Using ASTQueryTranslatorFactory
00:27:00.720 [main] INFO  ninja.lifecycle.LifecycleServiceImpl - Ninja application started in 487ms
00:27:00.721 [main] INFO  o.e.j.server.handler.ContextHandler - Started o.e.j.s.ServletContextHandler@1c395e9c{/,null,AVAILABLE}
00:27:00.725 [main] INFO  o.e.jetty.server.AbstractConnector - Started ServerConnector@1df2b230{HTTP/1.1,[http/1.1]}{0.0.0.0:1000}
00:27:00.726 [main] INFO  o.e.jetty.util.ssl.SslContextFactory - x509=X509@3616e609(ninja-development,h=[],w=[]) for SslContextFactory@560a7823[provider=null,keyStore=null,trustStore=null]
00:27:00.732 [main] INFO  o.e.jetty.server.AbstractConnector - Started ServerConnector@7cb13e56{SSL,[ssl, http/1.1]}{0.0.0.0:8443}
00:27:00.733 [main] INFO  org.eclipse.jetty.server.Server - Started @16862ms
00:27:00.733 [main] INFO  ninja.standalone.NinjaJetty - Started jetty v9.4.18.v20190429 on <all>:1000, 8443/ssl
00:27:00.733 [main] INFO  ninja.standalone.NinjaJetty - -------------------------------------------------------
00:27:00.733 [main] INFO  ninja.standalone.NinjaJetty - Ninja application running at
00:27:00.733 [main] INFO  ninja.standalone.NinjaJetty -  => http://localhost:1000
00:27:00.734 [main] INFO  ninja.standalone.NinjaJetty -  => https://localhost:8443
00:27:00.734 [main] INFO  ninja.standalone.NinjaJetty - -------------------------------------------------------
00:27:00.765 [qtp337625146-74] ERROR n.t.TemplateEngineFreemarkerAssetsAtMethod - Message key BIG BAZAAR missing. Using key as value inside template - but this is most likely not what you want.
<!DOCTYPE html><html lang="en">  <head>    <meta charset="utf-8">    <title>Home page</title>    <meta name="viewport" content="width=device-width, initial-scale=1.0">    <meta name="description" content="">    <meta name="author" content="">    <!-- Le styles -->    <link href="/assets/webjars/bootstrap/3.3.4/css/bootstrap.min.css" rel="stylesheet">    <!-- Optional theme -->    <link rel="stylesheet" href="/assets/webjars/bootstrap/3.3.4/css/bootstrap-theme.min.css">        <!-- Latest compiled and minified JavaScript -->        <style type="text/css">      body {        padding-top: 60px;        padding-bottom: 40px;      }    </style>    <!-- Le HTML5 shim, for IE6-8 support of HTML5 elements -->    <!--[if lt IE 9]>      <script src="https://html5shim.googlecode.com/svn/trunk/html5.js"></script>    <![endif]-->  </head>  <body>    <div class="container">        <div class="navbar navbar-inverse navbar-fixed-top">	<div class="container">		<div class="navbar-header">			<button type="button" class="navbar-toggle" data-toggle="collapse" data-target=".navbar-collapse">				<span class="icon-bar"></span> 				<span class="icon-bar"></span> 				<span class="icon-bar"></span>			</button>			<a class="navbar-brand" href="/">BIG BAZAAR</a>		</div>		<div class="navbar-collapse collapse">			<ul class="nav navbar-nav">				<li class="active"><a href="/">Home</a></li>			</ul>			<ul class="navbar-right nav navbar-nav">                                <li><a href="/login" id="login">Login</a></li>							</ul>		</div>		<!--/.navbar-collapse -->	</div></div>                <br><br><h2 align="center">WELCOME TO WHOLESALE</h1><h2 align="center">ORDER HERE!!!</h1><br><br><br><br>	<div class="row" style="background-color:orange">		<div class="column" style="float: left;width:20%;padding: 10px; height: 370px;"></div>  		<div class="column" style="float: left;width: 58%;padding-top: 20px; height: 350px;">  		<form action="/order" method="post" id="form1">  			 <table style="width:100%">  				<tr>    				<th>item id</th>    				<th>item name</th>    				<th>Price</th>    				<th>Enter customer orders</th>    				  				</tr>  				<tr>    				<td name="151501">151501</td>    				<td name="chocolate">Chocolate</td>    				<td >50</td>    				<td><input  class="price" placeholder="price if ordered" type="text"></td>    				  				</tr>  				<tr>    				<td name="151501">151501</td>    				<td name="cold drink">cold drink(2L)</td>    				<td >50</td>    				<td><input  class="price" placeholder="price if ordered" type="text"></td>    				  				</tr>  				<tr>    				<td name="151501">151501</td>    				<td name="Haldiram namkeen">Haldiram namkeen</td>    				<td >50</td>    				<td><input  class="price" placeholder="price if ordered" type="text"></td>    				  				</tr>  				<tr>    				<td name="151501">151501</td>    				<td name="Table lamp">Table lamp</td>    				<td >50</td>    				<td><input  class="price" placeholder="price if ordered" type="text"></td>    				  				</tr>  				<tr>    				<td name="151501">151501</td>    				<td name="Perfume">Perfume</td>    				<td >50</td>    				<td><input  class="price" placeholder="price if ordered" type="text"></td>    				  				</tr>  				<tr>    				<td name="151502">151502</td>    				<td >BEDSHEET</td>    				    				<td>250</td>    				<td ><input class="price" placeholder="price if ordered" type="text"></td>    				  				</tr>  				<tr>    				<td>151503</td>    				<td>poco f1 mobile phone</td>    				    				<td>18500</td>    				<td ><input class="price" type="text" placeholder="price if ordered"></td>  				</tr>  				<tr>    				<td>151504</td>    				<td>Carpet</td>    				    				<td>400</td>    				<td ><input class="price" type="text" placeholder="price if ordered"></td>  				</tr>  				<tr>        			<td></td><td></td>        			<td>Total Amount</td>				        <td><br><input type='text' id='totalPrice' placeholder="Total amount"/></td>    			</tr>    			  			<tr>  			<td>Payment mode</td>  			<td>Cash <input name="mode" type="radio"/></td>  			<td>Online<input name="mode" type="radio"/></td>  			</tr>						<tr><td></td><td><br>			<button type="submit"  form="form1" value="Save Order">Submit</button></td>			<td></td>	  			</tr> </table> </form>   		</div>    <div class="column" style="float: left;width: 20%;padding: 10px; height: 350px;"></div></div> <script src="https://ajax.googleapis.com/ajax/libs/jquery/1.7.1/jquery.min.js "></script> <script>//we used jQuery 'keyup' to trigger the computation as the user type$('.price').keyup(function () {     // initialize the sum (total price) to zero    var sum = 0;         // we use jQuery each() to loop through all the textbox with 'price' class    // and compute the sum for each loop    $('.price').each(function() {        sum += Number($(this).val());    });         // set the computed value to 'totalPrice' textbox    $('#totalPrice').val(sum);     });    </script><br><br><br><br><hr><footer>Built with <a href="http://www.ninjaframework.org">Ninja framework</a>.</footer>            </div> <!-- /container -->    <script type="text/javascript" src="/assets/webjars/jquery/2.1.3/jquery.js"></script>    <script type="text/javascript" src="/assets/webjars/tinymce-jquery/4.0.16/tinymce.min.js" ></script>    <script type="text/javascript" src="/assets/webjars/bootstrap/3.3.4/js/bootstrap.min.js"></script></body></html>
00:27:00.772 [main] INFO  ninja.lifecycle.LifecycleServiceImpl - Stopping Ninja application...
00:27:00.773 [main] INFO  ninja.lifecycle.LifecycleServiceImpl - Ninja application stopped in 1ms
00:27:00.773 [main] INFO  o.e.j.server.handler.ContextHandler - Stopped o.e.j.s.ServletContextHandler@1c395e9c{/,null,UNAVAILABLE}
00:27:00.773 [main] INFO  ninja.standalone.NinjaJetty - Trying to stop jetty on <all>:1000, 8443/ssl
00:27:00.787 [main] INFO  o.e.jetty.server.AbstractConnector - Stopped ServerConnector@1df2b230{HTTP/1.1,[http/1.1]}{0.0.0.0:1000}
00:27:00.789 [main] INFO  o.e.jetty.server.AbstractConnector - Stopped ServerConnector@7cb13e56{SSL,[ssl, http/1.1]}{0.0.0.0:8443}
00:27:00.797 [main] INFO  ninja.standalone.NinjaJetty - Stopped jetty on <all>:1000, 8443/ssl
]]></system-out>
  </testcase>
</testsuite>